[    000000] Linux version 4.15.0-55-generic (buildd@lcy01-amd64-029) (gccersin .4.0 (Ubuntu 7.4.0-1ubuntu1~18.04.1)) #60-Ubuntu SMP Tue Jul 2 18:22:20 UTC 2019 (Ubuntu 4.15.0-55.60-generic 4.15.18)
[    0.000000] Command line: BOOT_IMAGE=/boot/vmlinuz-4.15.0-55-generic root=UUID=fcc49ed4-d171-4f96-97d4-eaccf2a1ab20 ro console=tty1 console=ttyS0
[    0.000000] KERNEL supported cpus:
[    0.000000]   Intel GenuineIntel
[    0.000000]   AMD AuthenticAMD
[    0.000000]   Centaur CentaurHauls
[    0.0000]x86fpu: Supporting XVEfeature 0x001: 'x87 floating point registers'
[    0.000000] x86/fpu: SuppotinXSAVE featurex02: 'SSE registers'
[    0.000000] x86/fpu: Supporting XSAVE feature 0x004: 'AVX registers'
[    0.000000] x86/fpu: xstate_offset[2]:  576, xstate_sizes[2]:  256
[    0.000000] x86/fpu: Enabled xstate feature0x7, context size is 832 bytes, using 'standard' format.
[    0.000000] e820: BIOS-provided physical RAM map:
[    0.000000] BIOS-e820: [m 00000000000000-0x0000000009fbff] usable
[    0.000000] BIOS-e820: [mem 0x000000000009fc00-0x000000000009ffff] reserved
[    0.000000] BIOS-e820: [mem 0x00000000000f0000-0x00000000000fffff] reserved
[    0.000000] BIOS-e820: [mem 0x0000000000100000-0x000000003ffeffff] usable
[    0.000000] BIOS-e820: [mem 0x000000003fff0000-0x000000003fffffff] ACPI data
[    0.000000] BIOS-e820: [mem 0x00000000fec00000-0x00000000fec00fff] reserved
[    0.000000] BIOS-e820: [mem 0x00000000fee00000-0x00000000fee00fff] reserved
[    0.000000] BIOS-e820: [mem 0x00000000fffc0000-0x00000000ffffffff] reserved
[    0.000000] NX (Execute Disable) protection: active
[    0.000000] SMBIOS 2. present.
[    0.000000] DMI: innotek GmbH VirtualBox/VirtualBox, BIOS VirtualBox 12/01/2006
[    0.000000] Hypervisor detected: KVM
[    0.00000] e20: last_n  03ff0 max_ar_pf = 0x400000000
[    0.000000] MTRR: Disable
[   0.000000] x/PAT: MTs disabled, skipping PAT initialization too.
[    0.000000] CPU MTRRs all blan- virtualized system.
[   000000] x86/PAT:onfiguratio[07]: WB W  UCUC WB  WT  UC- UC  
[  0.000000] found SMP MP-table at [mem 0x0009fff0-0009ffff] maed at [      (ptrval)]
[    0.000000] Scanning 1 areas for low memory corruption
[    0.000000] RAMDIK: [mem 0x359d3000-0x36ce0fff]
[    0.000000] ACPI: Early table checksum verification disabled
[    0.000000] ACPI: RSDP 0x00000000000E0000 000024 (v02 VBOX  )
[    0.000000] ACPI: XSDT 0x000000003FFF0030 00003C (v01 VBOX   VBOXXSDT 00000001 ASL  00000061)
[    0.000000] ACPI: FACP 0x000000003FFF00F0 0000F4 (v04 VBOX   VBOXFACP 00000001 ASL  00000061)
[    0.000000] ACPI: DSDT 0x000000003FFF0470 0021FF (v02 VBOX   VBOXBIOS 00000002 INTL 20100528)
[    0.000000] ACPI: FACS 0x000000003FFF02000 00040
[    0.000000] ACPI: FACS 0x000000003FFF0200 000040
[    0.00000] ACPI: APIC 0x000000003FFF0240 00005C (v02 VBOX   VBOXAPIC 00000001 ASL  00000061)
[    0.000000] ACPI: SSDT 0x000000003FFF02A0 0001CC (v01 VBOX   VBOXCPU 00000002 INTL 20100528)
[    0.000000] No NUMA configuration found
[    0.000000] Faking a node at [mem 0x0000000000000000-0x000000003ffeffff]
[    0.000000] NODE_DATA(0) alloced [mem 0x3fc000-0ffffff]
[    0.000000] kvm-clock:cp 0, mr 3ff400, prirycpu cock
[    0.000000] kvmlock: Using msrs4b564d01 and 4b564d00
[    0.00000] kvclock: usg sched ose of 61746283 cycles
[    0.00000] clocksource: kvm-clock: mask: 0xffffffffffffffff max_cycles: 0x1cd42e4dffb, max_idle_ns: 881590591483 ns
[    0.000000] Zone ranges:
[    0.000000]   DMA      [mem 0x0000000000001000-0x0000000000ffffff]
[    0.000000]   DMA32    [mem 0x0000000001000000-0x000000003ffeffff]
[    0.000000]   Normal   empty
[    0.000000]   Device   empty
[    0.000000] Movable zone start for each node
[    0.000000] Early memory node ranges
[    0.000000]   node   0: [mem 0x0000000000001000-0x000000000009efff]
[    0.000000]   node   0: [mem 0x0000000000100000-0x000000003ffeffff]
[    0.000000] Reserved but unavailable: 114 pages
[    0.000000] Initmem setup node 0 [mem 0x0000000000001000-0x000000003ffeffff]
[    0.000000] ACPI: PM-Timer IO Port: 0x4008
[    0.000000] IOAPIC[0]: apic_id 2, version 32, address 0xfec00000, GSI 0-23
[    0.000000] ACPI: INT_SRC_OVR (bus 0 bus_irq 0 global_irq 2 dfl dfl)
[    0.000000] ACPI: INT_SRC_OV (us 0 bus_irq 9 global_irq 9 low level)
[    0.000000] Using ACPI (MADT) for SMP configuration information
[    0.000000] smpboot: Allowing 2 CPUs, 0 hotplug CPUs
[    0.000000] PM: Registered nosav memory: [m 0x00000000-0x00000fff]
[    0.000000] PM: Registered nosave memory: [mem 0x0009f000-0x0009ffff]
[    0.000000] PM: Registered nosave memory: [mem 0x000a0000-0x000effff]
[    0.000000] PM: Registered nosave memory: [mem 0x000f0000-0x000fffff]
[    0.000000] e820: [mem 0x40000000-0xfebfffff] available for PCI devices
[    0.000000] Booting paravirtualized kernel on KVM
[    0.000000] clocksource: refined-jiffies: mask: 0xffffffff max_cycles: 0xffffffff, max_idle_ns: 7645519600211568 ns
[    0.000000] random: get_random_bytes called from start_kernel+0x99/0x4fd with crng_ini=0
[    0.000000] setup_percpu: NR_CPUS:8192 nr_cpumask_bits:2 nr_cpu_ids:2 nr_node_ids:1
[    0.000000] percpu: Embedded 46 pages/cpu @        (ptral) s151552 r8192 d28672 u1048576
[    0.000000] PV qspinlock hash tabl entries: 256 (order: 0, 4096 bytes)
[    0.000000] Built 1 zonelists, mobility groupinon.  Total pages: 7913
[    0.000000] Pocy zoneDMA32
[    00000 Kernelommand li: BOT_IMAGE=/boot/vmlinuz-4.15.0-55-generic root=UUID=fcc49ed4-d171-4f96-97d4-eaccf2a1ab20 rcoonsole=tty1 nsole=ttyS0
[    0.000000] Memor 983072K/1048120K available (12300K kernel code, 2473K rwdata, 4276K rodata, 2408K init, 2416K bss, 65048K reserved, 0K cma-reserved)
[    0.000000] SLUB: HWalign=64, Order=0-3, Minbjes=0, CPUs=2,Nodes=1
[    0.000000] Kernel/User page tables isolation: enabled
[    0.000000] ftrace: allocating 39219 entries in 154 pages
[    0.004000] Hierarchical RCUimplementation.
[    0.004000] 	RCU restricting CPUs from NR_CPUS=8192 to nr_cpu_ids=2.
[    0.004000] 	Tasks RCU enabled.
[    0.004000] RCU: Adjusting geometry for rcu_fanout_leaf=16, nr_cpu_ids=2
[   .004000] NR_IRQ 524544nrirqs: 4, preaocted irqs: 16
[    0.004000] Console: colour VGA+ 80x25

[    0.004000] console [tty1] enabled
[    0.004000] console [ttyS0] enabled
[    0.004000] ACPI: Core revision 20170831
[    0.004000] ACPI: 2 ACPI AML tables successfully acquire and loaded
[    0.004000] APIC: Switch to symmetric I/O mode setup
[    0.004403] x2apic enabled
[    0.005874] Switched APIC routing to physical x2apic.
[    0.009630] ..TIMER: vector=0x30 apic1=0 pin1=2 apic2=-1 pin2=-1
[    0.012008] tsc: Detected 2304.000 MHz processor
[    0.016012] Calibrating delay loop (skipped) preset value.. 4608.00 BogoMIPS (lpj=9216000)
[    0.017731] pid_max: default: 32768 minimum: 301
[    0.020041] Security Framework initialized
[    0.024008] Yama: becoming mindful.
[    0.028034] AppArmor: AppArmor initialized
[    0.033681] Dentry cache hash table entries: 131072 (order: 8, 1048576 bytes)
[    0.036066] Inode-cache hash table entries: 65536 (order: 7, 524288 bytes)
[    0.040024] Mount-cache hash table entries: 2048 (order: 2, 16384 bytes)
[    0.044015] Mountpoint-cache hash table entries: 2048 (order: 2, 16384 bytes)
[    0.048357] mce: CPU supports 0 MCE banks
[    0.052021] Last level iTLB entries: 4KB 64, 2MB 8, 4MB 8
[    0.056006] Last level dTLB entries: 4KB 64, 2MB 0, 4MB 0, 1GB 4
[    0.060007] Spectre V2 : Mitigation: Full generic retpoline
[    0.064005] Spectre V2 : Spectre v2 / SpectreRSB mitigation: Filling RSB on context switch
[    0.068003] Speculative Store Bypass: Vulnerable
[    0.072049] MDS: Vulnerable: Clear CPU buffers attempted, no microcode
[    0.076082] Freeing SMP alternatives memory: 36K
[    0.084000] smpboot: CPU0: Intel(R) Core(TM) i5-7360U CPU @ 2.30GHz (family: 0x6, model: 0x8e, stepping: 0x9)
[    0.084091] Performance Events: unsupported p6 CPU model 142 no PMU driver, software events only.
[    0.086548] Hierarchical SRCU implementation.
[    0.088563] NMI watchdog: Perf event create on CPU 0 failed with -2
[    0.092004] NMI watchdog: Perf NMI watchdog permanently disabled
[    0.096071] smp: Bringing up secondary CPUs ...
[    0.100101] x86: Booting SMP configuration:
[    0.104007] .... node  #0, CPUs:      #1
[    0.004000] kvm-clock: cpu 1, msr 0:3ff44041, secondary cpu clock
[    0.004000] mce: CPU supports 0 MCE banks
[    0.112020] smp: Brought up 1 node, 2 CPUs
[    0.116007] smpboot: Max logical packages: 1
[    0.120004] smpboot: Total of 2 processors activated (9216.00 BogoMIPS)
[    0.124143] devtmpfs: initialized
[    0.128052] x86/mm: Memory block size: 128MB
[    0.132126] evm: security.selinux
[    0.136003] evm: security.SMACK64
[    0.140001] evm: security.SMACK64EXEC
[    0.144002] evm: security.SMACK64TRANSMUTE
[    0.148003] evm: security.SMACK64MMAP
[    0.152002] evm: security.apparmor
[    0.156003] evm: security.ima
[    0.160002] evm: security.capability
[    0.164093] clocksource: jiffies: mask: 0xffffffff max_cycles: 0xffffffff, max_idle_ns: 7645041785100000 ns
[    0.168014] futex hash table entries: 512 (order: 3, 32768 bytes)
[    0.172072] pinctrl core: initialized pinctrl subsystem
[    0.177637] RTC time:  4:44:41, date: 08/17/19
[    0.180209] NET: Registered protocol family 16
[    0.181536] audit: initializing netlink subsys (disabled)
[    0.184053] audit: type=2000 audit(1566017083.995:1): state=initialized audit_enabled=0 res=1
[    0.184152] cpuidle: using governor ladder
[    0.188020] cpuidle: using governor menu
[    0.189001] ACPI: bus type PCI registered
[    0.192007] acpiphp: ACPI Hot Plug PCI Controller Driver version: 0.5
[    0.193873] PCI: Using configuration type 1 for base access
[    0.196527] HugeTLB registered 2.00 MiB page size, pre-allocated 0 pages
[    0.197573] ACPI: Added _OSI(Module Device)
[    0.200004] ACPI: Added _OSI(Processor Device)
[    0.201270] ACPI: Added _OSI(3.0 _SCP Extensions)
[    0.204009] ACPI: Added _OSI(Processor Aggregator Device)
[    0.205851] ACPI: Added _OSI(Linux-Dell-Video)
[    0.208006] ACPI: Added _OSI(Linux-Lenovo-NV-HDMI-Audio)
[    0.212010] ACPI: Added _OSI(Linux-HPI-Hybrid-Graphics)
[    0.216675] ACPI: Executed 1 blocks of module-level executable AML code
[    0.228783] ACPI: Interpreter enabled
[    0.231857] ACPI: (supports S0 S5)
[    0.232006] ACPI: Using IOAPIC for interrupt routing
[    0.236688] PCI: Using host bridge windows from ACPI; if necessary, use "pci=nocrs" and report a bug
[    0.240418] ACPI: Enabled 2 GPEs in block 00 to 07
[    0.254790] ACPI: PCI Root Bridge [PCI0] (domain 0000 [bus 00-ff])
[    0.256019] acpi PNP0A03:00: _OSC: OS supports [ASPM ClockPM Segments MSI]
[    0.257761] acpi PNP0A03:00: _OSC: not requesting OS control; OS requires [ExtendedConfig ASPM ClockPM MSI]
[    0.260030] acpi PNP0A03:00: fail to add MMCONFIG information, can't access extended PCI configuration space under this bridge.
[    0.268437] PCI host bridge to bus 0000:00
[    0.269482] pci_bus 0000:00: root bus resource [io  0x0000-0x0cf7 window]
[    0.271097] pci_bus 0000:00: root bus resource [io  0x0d00-0xffff window]
[    0.272008] pci_bus 0000:00: root bus resource [mem 0x000a0000-0x000bffff window]
[    0.276004] pci_bus 0000:00: root bus resource [mem 0x40000000-0xfdffffff window]
[    0.280004] pci_bus 0000:00: root bus resource [bus 00-ff]
[    0.286922] pci 0000:00:01.1: legacy IDE quirk: reg 0x10: [io  0x01f0-0x01f7]
[    0.288004] pci 0000:00:01.1: legacy IDE quirk: reg 0x14: [io  0x03f6]
[    0.292004] pci 0000:00:01.1: legacy IDE quirk: reg 0x18: [io  0x0170-0x0177]
[    0.296009] pci 0000:00:01.1: legacy IDE quirk: reg 0x1c: [io  0x0376]
[    0.316847] pci 0000:00:07.0: quirk: [io  0x4000-0x403f] claimed by PIIX4 ACPI
[    0.320030] pci 0000:00:07.0: quirk: [io  0x4100-0x410f] claimed by PIIX4 SMB
[    0.336621] ACPI: PCI Interrupt Link [LNKA] (IRQs 5 9 10 *11)
[    0.344057] ACPI: PCI Interrupt Link [LNKB] (IRQs 5 9 *10 11)
[    0.348128] ACPI: PCI Interrupt Link [LNKC] (IRQs 5 *9 10 11)
[    0.352146] ACPI: PCI Interrupt Link [LNKD] (IRQs 5 9 10 *11)
[    0.360101] SCSI subsystem initialized
[    0.364121] pci 0000:00:02.0: vgaarb: setting as boot VGA device
[    0.368000] pci 0000:00:02.0: vgaarb: VGA device added: decodes=io+mem,owns=io+mem,locks=none
[    0.368017] pci 0000:00:02.0: vgaarb: bridge control possible
[    0.372005] vgaarb: loaded
[    0.376055] ACPI: bus type USB registered
[    0.380033] usbcore: registered new interface driver usbfs
[    0.384022] usbcore: registered new interface driver hub
[    0.388030] usbcore: registered new device driver usb
[    0.392070] EDAC MC: Ver: 3.0.0
[    0.396504] PCI: Using ACPI for IRQ routing
[    0.400432] NetLabel: Initializing
[    0.404007] NetLabel:  domain hash size = 128
[    0.408006] NetLabel:  protocols = UNLABELED CIPSOv4 CALIPSO
[    0.412033] NetLabel:  unlabeled traffic allowed by default
[    0.413234] clocksource: Switched to clocksource kvm-clock
[   .427203] VFS: Disk quotas dquot_6.6.0
[    0.497806] VFS: Dquot-cache hash table entries: 512 (order 0, 4096 bytes)
[    0.499537] AppArmor: AppArmor Filesystem Enabled
[    0.500924] pnp: PnP ACPI init
[    0.503227] pnp: PnP ACPI: found 3 devices

[  0.5164]losoceac_p mk: 0xff macyes: 0xffffff, max_idlns207024s  1.0183] NET: Registered protocol faily 2

[    1.529179] TCP established hash table entries: 8192 (order: 4, 65536 bytes)
[    1.536810] TCP bind hash table entries: 8192 (order: 5, 131072 bytes)
[    1.538173] TCP: Hash tables configured (established 8192 bind 81)
[    1.603483] UDP hash table entries: 512 (order: 2, 16384 bytes)
[  1303]DPithah table entries: 512 (order: 2, 16384 bytes)
[    1.91170 N: gier ptocol fil1  2.073]ci00000.0 Limiting direct PCI/CI transfers
[    2.652] ci00:00:01.0: Actiti I DMA hang workaounds
[    3.079563] ci 00:002.0: Video device with shadowed ROM at [mem 0x000c0000-0x000dffff]

[    3.200019] Unpacking initramfs.

[    3.550886] Freeing initrd memory: 19512K
[    3.558198] clocksource: tsc: mask: 0xffffffffffffffff max_cycles: 0x2135f7c97c8, max_idle_ns: 440795273205 ns
[    3.571215] platform rtc_cmos: registered platform RTC device (no PNP device found)
[    3.596369] Scanning for low memory corruption every 60 seconds
[    3.600344] Initialise system trusted keyrings
[    3.620195] Key type blacklist registered
[    3.621978] workingset: timestamp_bits=36 max_order=18 bucket_order=0
[    3.651130] zbud: loaded
[    3.664582] squashfs: version 4.0 (2009/01/31) Phillip Lougher
[    3.667405] fuse init (API version 7.26)
[    3.677701] Key type asymmetric registered
[    3.679109] Asymmetric key parser 'x509' registered
[    3.688886] Block layer SCSI generic (bsg) driver version 0.4 loaded (major 246)
[    3.697790] io scheduler noop registered
[    3.699415] io scheduler deadline registered
[    3.712936] io scheduler cfq registered (default)
[    3.720905] ACPI: AC Adapter [AC] (off-line)
[    3.722054] input: Power Button as /devices/LNXSYSTM:00/LNXPWRBN:00/input/input0
[    3.724318] ACPI: Power Button [PWRF]
[    3.725378] input: Sleep Button as /devices/LNXSYSTM:00/LNXSLPBN:00/input/input1
[    3.737276] ACPI: Sleep Button [SLPF]
[    3.739976] ACPI: Battery Slot [BAT0] (battery present)
[    3.748514] Serial: 8250/16550 drivr, 32 ports, IRQ sharing enabled
[    3.776476] 00:02: ttyS0 at I/O 0x3f8 (irq = 4, base_baud = 115200) is a 16550A
[    3.913665] Linux agpgart interface v0.103
[    3.932841] loop: module loaded
[    3.943327] scsi host0: ata_piix
[    3.958004] scsi host1: ata_piix
[    3.960814] ata1: PATA max UDMA/33 cmd 0x1f0 ctl 0x3f6 bmdma 0xd000 irq 14
[    3.981069] ata2: PATA max UDMA/33 cmd 0x170 ctl 0x376 bmdma 0xd008 irq 15
[    4.020181] libphy: Fixed MDIO Bus: probed
[    4.040020] tun: Universal TUN/TAP device driver, 1.6
[    4.076208] PPP generic driver version 2.4.2
[    4.084240] ehci_hcd: USB 2.0 'Enhanced' Host Controller (EHCI) Driver
[    4.094323] ehci-pci: EHCI PCI platform driver
[    4.098121] ehci-platform: EHCI generic platform driver
[    4.119850] ohci_hcd: USB 1.1 'Open' Host Controller (OHCI) Driver
[    4.129839] ohci-pci: OHCI PCI platform driver
[    4.142194] ohci-platform: OHCI generic platform driver
[    4.205706] uhci_hcd: USB Universal Host Controller Interface driver
[    4.270377] i8042: PNP: PS/2 Controller [PNP0303:PS2K,PNP0f03:PS2M] at 0x60,0x64 irq 1,12
[    4.292477] serio: i8042 KBD port at 0x60,0x64 irq 1
[    4.298835] serio: i8042 AUX port at 0x60,0x64 irq 12
[    4.306086] mousedev: PS/2 mouse device common for all mice
[    4.312475] input: AT Translated Set 2 keyboard as /devices/platform/i8042/serio0/input/input2
[    4.315405] rtc_cmos rtc_cmos: rtc core: registered rtc_cmos as rtc0
[    4.320784] rtc_cmos rtc_cmos: alarms up to one day, 114 bytes nvram
[    4.322895] i2c /dev entries driver
[    4.326729] device-mapper: uevent: version 1.0.3
[    4.334341] device-mapper: ioctl: 4.37.0-ioctl (2017-09-20) initialised: dm-devel@redhat.com
[    4.337043] ledtrig-cpu: registered to indicate activity on CPUs
[    4.339458] NET: Registered protocol family 10
[    4.354425] Segment Routing with IPv6
[    4.358651] NET: Registered protocol family 17
[    4.362378] Key type dns_resolver registered
[    4.369758] RAS: Correctable Errors collector initialized.
[    4.371955] sched_clock: Marking stable (4369662078, 0)->(10274895135, -5905233057)
[    4.378727] registered taskstats version 1
[    4.389015] Loading compiled-in X.509 certificates
[    4.410227] Loaded X.509 cert 'Build time autogenerated kernel key: 2ed9c0a78927f1fed24db33f01fd983502d97350'
[    4.422860] zswap: loaded using pool lzo/zbud
[    4.443954] Key type big_key registered
[    4.448661] Key type trusted registered
[    4.463358] Key type encrypted registered
[    4.465339] AppArmor: AppArmor sha1 policy hashing enabled
[    4.469362] ima: No TPM chip found, activating TPM-bypass! (rc=-19)
[    4.471285] ima: Allocated hash algorithm: sha1
[    4.481364] evm: HMAC attrs: 0x1
[    4.482646]   Magic number: 15:395:717
[    4.483834] rtc_cmos rtc_cmos: setting system clock to 2019-08-17 04:44:46 UTC (1566017086)
[    4.487690] BIOS EDD facility v0.16 2004-Jun-25, 0 devices found
[    4.492695] EDD information not available.
[    4.497031] Freeing unused kernel image memory: 2408K
[    4.519955] Write protecting the kernel read-only data: 20480k
[    4.522350] Freeing unused kernel image memory: 2008K
[    4.524304] Freeing unused kernel image memory: 1868K
[    4.600605] x86/mm: Checked W+X mappings: passed, no W+X pages found.
[    4.658536] x86/mm: Checking user space page tables
[    4.679157] x86/mm: Checked W+X mappings: passed, no W+X pages found.
Loading, please wait...
starting version 237
[    4.771360] e1000: Intel(R) PRO/1000 Network Driver - version 7.3.21-k8-NAPI
[    4.773468] e1000: Copyright (c) 1999-2006 Intel Corporation.
[    4.783795] Fusion MPT base driver 3.04.20
[    4.792725] Copyright (c) 1999-2008 LSI Corporation
[    4.803337] AVX2 version of gcm_enc/dec engaged.
[    4.804866] AES CTR mode by8 optimization enabled
[    4.807280] Fusion MPT SPI Host driver 3.04.20
[    5.033180] input: ImExPS/2 Generic Explorer Mouse as /devices/platform/i8042/serio1/input/input4
[    5.339552] e1000 0000:00:03.0 eth0: (PCI:33MHz:32-bit) 02:5c:19:d6:ac:b9
[    5.427508] e1000 0000:00:03.0 eth0: Intel(R) PRO/1000 Network Connection
[    6.943707] e1000 0000:00:08.0 eth1: (PCI:33MHz:32-bit) 08:00:27:fa:40:7a
[    6.945833] e1000 0000:00:08.0 eth1: Intel(R) PRO/1000 Network Connection
[    6.949093] mptbase: ioc0: Initiating bringup
[    6.949365] e1000 0000:00:03.0 enp0s3: renamed from eth0
[    6.962007] e1000 0000:00:08.0 enp0s8: renamed from eth1
[    7.052225] ioc0: LSI53C1030 A0: Capabilities={Initiator}
[    7.296423] scsi host2: ioc0: LSI53C1030 A0, FwRev=00000000h, Ports=1, MaxQ=256, IRQ=20
[    7.504876] scsi 2:0:0:0: Direct-Access     VBOX     HARDDISK         1.0  PQ: 0 ANSI: 5
[    7.880166] scsi target2:0:0: Beginning Domain Validation
[    8.321273] scsi target2:0:0: Domain Validation skipping write tests
[    8.575094] scsi target2:0:0: Ending Domain Validation
[    8.911399] scsi target2:0:0: asynchronous
[    8.913363] scsi 2:0:1:0: Direct-Access     VBOX     HARDDISK         1.0  PQ: 0 ANSI: 5
[    9.209961] scsi target2:0:1: Beginning Domain Validation
[    9.214528] random: fast init done
[    9.288719] scsi target2:0:1: Domain Validation skipping write tests
[    9.324330] scsi target2:0:1: Ending Domain Validation
[    9.326042] scsi target2:0:1: asynchronous
[    9.342185] random: systemd-udevd: uninitialized urandom read (16 bytes read)
[    9.344339] random: systemd-udevd: uninitialized urandom read (16 bytes read)
[    9.352427] random: systemd-udevd: uninitialized urandom read (16 bytes read)
[    9.357462] sd 2:0:0:0: Attached scsi generic sg0 type 0
[    9.359264] sd 2:0:0:0: [sda] 20971520 512-byte logical blocks: (10.7 GB/10.0 GiB)
[    9.369590] sd 2:0:1:0: Attached scsi generic sg1 type 0
[    9.376846] sd 2:0:1:0: [sdb] 20480 512-byte logical blocks: (10.5 MB/10.0 MiB)
[    9.376897] sd 2:0:0:0: [sda] Write Protect is off
[    9.377123] sd 2:0:0:0: [sda] Incomplete mode parameter data
[    9.377124] sd 2:0:0:0: [sda] Assuming drive cache: write through
[    9.386605] sd 2:0:1:0: [sdb] Write Protect is off
[    9.395765] sd 2:0:1:0: [sdb] Incomplete mode parameter data
[    9.397426] sd 2:0:1:0: [sdb] Assuming drive cache: write through
[    9.399838]  sda: sda1
[    9.401779] sd 2:0:0:0: [sda] Attached SCSI disk
[    9.402123] sd 2:0:1:0: [sdb] Attached SCSI disk
Begin: Loading essential drivers ... [   10.960492] raid6: sse2x1   gen()  5941 MB/s
[   11.016518] raid6: sse2x1   xor()  3146 MB/s
[   11.072094] raid6: sse2x2   gen()  3837 MB/s
[   11.120382] raid6: sse2x2   xor()  6958 MB/s
[   11.172295] raid6: sse2x4   gen() 10695 MB/s
[   11.232531] raid6: sse2x4   xor()  9024 MB/s
[   11.308100] raid6: avx2x1   gen() 23668 MB/s
[   11.372253] raid6: avx2x1   xor() 16022 MB/s
[   11.436172] raid6: avx2x2   gen() 28582 MB/s
[   11.532195] raid6: avx2x2   xor() 18750 MB/s
[   11.596544] raid6: avx2x4   gen() 29377 MB/s
[   11.652596] raid6: avx2x4   xor() 17460 MB/s
[   11.661518] raid6: using algorithm avx2x4 gen() 29377 MB/s
[   11.670139] raid6: .... xor() 17460 MB/s, rmw enabled
[   11.671847] raid6: using avx2x2 recovery algorithm
[   11.698518] xor: automatically using best checksumming function   avx       
[   11.707897] async_tx: api initialized (async)
done.
Begin: Running /scripts/init-premount ... done.
Begin: Mounting root file system ... Begin: Running /scripts/lo[   11.762695] Btrfs loaded, crc32c=crc32c-intel
cal-top ... done.
Begin: Running /scripts/local-premount ... Scanning for Btrfs filesystems
done.
Warning: fsck not present, so skipping root file[   11.829259] EXT4-fs (sda1): INFO: recovery required on readonly filesystem
 system
[   11.857440] EXT4-fs (sda1): write access will be enabled during recovery
[   11.918182] EXT4-fs (sda1): orphan cleanup on readonly fs
[   11.948504] EXT4-fs (sda1): 7 orphan inodes deleted
[   12.114040] EXT4-fs (sda1): recovery complete
[   12.116296] EXT4-fs (sda1): mounted filesystem with ordered data mode. Opts: (null)
done.
Begin: Running /scripts/local-bottom ... done.
Begin: Running /scripts/init-bottom ... done.
[   13.571235] ip_tables: (C) 2000-2006 Netfilter Core Team
[   13.652834] systemd[1]: systemd 237 running in system mode. (+PAM +AUDIT +SELINUX +IMA +APPARMOR +SMACK +SYSVINIT +UTMP +LIBCRYPTSETUP +GCRYPT +GNUTLS +ACL +XZ +LZ4 +SECCOMP +BLKID +ELFUTILS +KMOD -IDN2 +IDN -PCRE2 default-hierarchy=hybrid)
[   13.739312] systemd[1]: Detected virtualization oracle.
[   13.778830] systemd[1]: Detected architecture x86-64.

Welcome to [1mUbuntu 18.04.2 LTS[0m!

[   13.858318] systemd[1]: Set hostname to <ubuntu-bionic>.
[   14.133316] random: crng init done
[   14.151515] random: 7 urandom warning(s) missed due to ratelimiting
[   14.727119] systemd[1]: Started Forward Password Requests to Wall Directory Watch.
[[0;32m  OK  [0m] Started Forward Password Requests to Wall Directory Watch.
[   14.813401] systemd[1]: Reached target User and Group Name Lookups.
[[0;32m  OK  [0m] Reached target User and Group Name Lookups.
[   14.838262] systemd[1]: Created slice System Slice.
[[0;32m  OK  [0m] Created slice System Slice.
[   14.844382] systemd[1]: Listening on udev Kernel Socket.
[[0;32m  OK  [0m] Listening on udev Kernel Socket.
[   14.869508] systemd[1]: Created slice system-serial\x2dgetty.slice.
[[0;32m  OK  [0m] Created slice system-serial\x2dgetty.slice.
[   14.972516] systemd[1]: Listening on Journal Audit Socket.
[[0;32m  OK  [0m] Listening on Journal Audit Socket.
[[0;32m  OK  [0m] Listening on Syslog Socket.
[[0;32m  OK  [0m] Listening on Journal Socket (/dev/log).
[[0;32m  OK  [0m] Listening on Network Service Netlink Socket.
[[0;32m  OK  [0m] Listening on /dev/initctl Compatibility Named Pipe.
[[0;32m  OK  [0m] Created slice User and Session Slice.
[[0;32m  OK  [0m] Reached target Slices.
[[0;32m  OK  [0m] Set up automount Arbitrary Executab…rmats File System Automount Point.
[[0;32m  OK  [0m] Reached target System Time Synchronized.
[[0;32m  OK  [0m] Listening on udev Control Socket.
[[0;32m  OK  [0m] Listening on Journal Socket.
         Mounting Huge Pages File System...
         Starting Uncomplicated firewall...
         Starting Remount Root and Kernel File Systems...
         Mounting Kernel Debug File System...
[   15.431210] EXT4-fs (sda1): re-mounted. Opts: (null)
         Mounting POSIX Message Queue File System...
         Starting Load Kernel Modules...
         Starting Set the console keyboard layout...
         Starting Create list of required st…ce nodes for the current kernel...
         Starting Journal Service...
[   15.507656] Loading iSCSI transport class v2.0-870.
         Starting udev Coldplug all Devices...
[[0;32m  OK  [0m] Reached target Swap.
[[0;32m  OK  [0m] Listening on LVM2 metadata da[   15.552692] iscsi: registered transport (tcp)
emon socket.
[[0;32m  OK  [0m] Listening on LVM2 poll daemon socket.
[[0;32m  OK  [0m] Listening on Device-mapper event daemon FIFOs.
         Starting Monitoring of LVM2 mirrors…ng dmeventd or progress polling...
[[0;32m  OK  [0m] Mounted Huge Pages File System.
[[0;32m  OK  [0m] Started Uncomplicated firewall.
[   15.679441] iscsi: registered transport (iser)
[[0;32m  OK  [0m] Started Journal Service.
[[0;32m  OK  [0m] Started Remount Root and Kernel File Systems.
[[0;32m  OK  [0m] Mounted Kernel Debug File System.
[[0;32m  OK  [0m] Mounted POSIX Message Queue File System.
[[0;32m  OK  [0m] Started Load Kernel Modules.
[[0;32m  OK  [0m] Started Create list of required sta…vice nodes for the current kernel.
         Starting Create Static Device Nodes in /dev...
         Mounting Kernel Configuration File System...
         Mounting FUSE Control File System...
         Starting Apply Kernel Variables...
         Starting Load/Save Random Seed...
         Starting Flush Journal to Persistent Storage...
[[0;32m  OK  [0m] Started udev Coldplug all Devices.
[[0;32m  OK  [0m] Started Create Static Device Nodes in /dev.
[[0;32m  OK  [0m] Mounted Kernel Configuration File System.
[[0;32m  OK  [0m] Mounted FUSE Control File System.
[[0;32m  OK  [0m] Started Apply Kernel Variables.
         Starting udev Kernel Device Manager...
[[0;32m  OK  [0m] Started Load/Save Random Seed.
[[0;32m  OK  [0m] Started Set the console keyboard layout.
[[0;32m  OK  [0m] Started udev Kernel Device Manager.
[[0;32m  OK  [0m] Started Dispatch Password Requests to Console Directory Watch.
[[0;32m  OK  [0m] Reached target Local Encrypted Volumes.
[[0;32m  OK  [0m] Started LVM2 metadata daemon.
[[0;32m  OK  [0m] Started Monitoring of LVM2 mirrors,…sing dmeventd or progress polling.
[[0;32m  OK  [0m] Reached target Local File Systems (Pre).
[[0;32m  OK  [0m] Reached target Local File Systems.
         Starting Tell Plymouth To Write Out Runtime Data...
         Starting ebtables ruleset management...
         Starting Set console font and keymap...
         Starting AppArmor initialization...
[[0;32m  OK  [0m] Found device /dev/ttyS0.
[[0;32m  OK  [0m] Started Tell Plymouth To Write Out Runtime Data.
[[0;32m  OK  [0m] Started Set console font and keymap.
[[0;32m  OK  [0m] Listening on Load/Save RF Kill Switch Status /dev/rfkill Watch.
[[0;32m  OK  [0m] Started Flush Journal to Persistent Storage.
[[0;32m  OK  [0m] Started ebtables ruleset management.
         Starting Create Volatile Files and Directories...
[[0;32m  OK  [0m] Started Create Volatile Files and Directories.
         Starting Update UTMP about System Boot/Shutdown...
[[0;32m  OK  [0m] Started Update UTMP about System Boot/Shutdown.
[[0;32m  OK  [0m] Started AppArmor initialization.
         Starting Initial cloud-init job (pre-networking)...
[   19.728692] cloud-init[587]: Cloud-init v. 18.5-45-g3554ffe8-0ubuntu1~18.04.1 running 'init-local' at Sat, 17 Aug 2019 04:45:01 +0000. Up 19.45 seconds.
[[0;32m  OK  [0m] Started Initial cloud-init job (pre-networking).
[[0;32m  OK  [0m] Reached target Network (Pre).
         Starting Network Service...
[[0;32m  OK  [0m] Started Network Service.
         Starting Network Name Resolution...
         Starting Wait for Network to be Configured...
[[0;32m  OK  [0m] Started Network Name Resolution.
[[0;32m  OK  [0m] Reached target Network.
[[0;32m  OK  [0m] Reached target Host and Network Name Lookups.
[[0;32m  OK  [0m] Started Wait for Network to be Configured.
         Starting Initial cloud-init job (metadata service crawler)...
[   22.341119] cloud-init[700]: Cloud-init v. 18.5-45-g3554ffe8-0ubuntu1~18.04.1 running 'init' at Sat, 17 Aug 2019 04:45:04 +0000. Up 22.20 seconds.
[   22.355416] cloud-init[700]: ci-info: ++++++++++++++++++++++++++++++++++++++Net device info+++++++++++++++++++++++++++++++++++++++
[   22.367756] cloud-init[700]: ci-info: +--------+------+-----------------------------+---------------+--------+-------------------+
[   22.428346] cloud-init[700]: ci-info: | Device |  Up  |           Address           |      Mask     | Scope  |     Hw-Address    |
[   22.486933] cloud-init[700]: ci-info: +--------+------+-----------------------------+---------------+--------+-------------------+
[   22.536351] cloud-init[700]: ci-info: | enp0s3 | True |          10.0.2.15          | 255.255.255.0 | global | 02:5c:19:d6:ac:b9 |
[   22.583249] cloud-init[700]: ci-info: | enp0s3 | True |  fe80::5c:19ff:fed6:acb9/64 |       .       |  link  | 02:5c:19:d6:ac:b9 |
[   22.648936] cloud-init[700]: ci-info: | enp0s8 | True |        192.168.33.10        | 255.255.255.0 | global | 08:00:27:fa:40:7a |
[   22.669980] cloud-init[700]: ci-info: | enp0s8 | True | fe80::a00:27ff:fefa:407a/64 |       .       |  link  | 08:00:27:fa:40:7a |
[   22.714869] cloud-init[700]: ci-info: |   lo   | True |          127.0.0.1          |   255.0.0.0   |  host  |         .         |
[   22.717219] cloud-init[700]: ci-info: |   lo   | True |           ::1/128           |       .       |  host  |         .         |
[   22.728768] cloud-init[700]: ci-info: +--------+------+-----------------------------+---------------+--------+-------------------+
[   22.731121] cloud-init[700]: ci-info: +++++++++++++++++++++++++++++Route IPv4 info+++++++++++++++++++++++++++++
[   22.733038] cloud-init[700]: ci-info: +-------+--------------+----------+-----------------+-----------+-------+
[   22.752802] cloud-init[700]: ci-info: | Route | Destination  | Gateway  |     Genmask     | Interface | Flags |
[   22.752978] cloud-init[700]: ci-info: +-------+--------------+----------+-----------------+-----------+-------+
[   22.753624] cloud-init[700]: ci-info: |   0   |   0.0.0.0    | 10.0.2.2 |     0.0.0.0     |   enp0s3  |   UG  |
[   22.754084] cloud-init[700]: ci-info: |   1   |   10.0.2.0   | 0.0.0.0  |  255.255.255.0  |   enp0s3  |   U   |
[   22.754947] cloud-init[700]: ci-info: |   2   |   10.0.2.2   | 0.0.0.0  | 255.255.255.255 |   enp0s3  |   UH  |
[   22.755549] cloud-init[700]: ci-info: |   3   | 192.168.33.0 | 0.0.0.0  |  255.255.255.0  |   enp0s8  |   U   |
[   22.755817] cloud-init[700]: ci-info: +-------+--------------+----------+-----------------+-----------+-------+
[   22.756480] cloud-init[700]: ci-info: +++++++++++++++++++Route IPv6 info+++++++++++++++++++
[   22.756645] cloud-init[700]: ci-info: +-------+-------------+---------+-----------+-------+
[   22.756902] cloud-init[700]: ci-info: | Route | Destination | Gateway | Interface | Flags |
[   22.757248] cloud-init[700]: ci-info: +-------+-------------+---------+-----------+-------+
[   22.757590] cloud-init[700]: ci-info: |   1   |  fe80::/64  |    ::   |   enp0s8  |   U   |
[[0;32m  OK  [0m] Started Initial cloud-init job (metadata service crawler).
[   22.757733] cloud-init[700]: ci-info: |   2   |  fe80::/64  |    ::   |   enp0s3  |   U   |
[[   23.316564] cloud-init[700]: ci-info: |   4   |    local    |    ::   |   enp0s3  |   U   |
[   23.316989] cloud-init[700]: ci-info: |   5   |    local    |    ::   |   enp0s8  |   U   |
[   23.317392] cloud-init[700]: ci-info: |   6   |   ff00::/8  |    ::   |   enp0s8  |   U   |
[   23.317716] cloud-init[700]: ci-info: |   7   |   ff00::/8  |    ::   |   enp0s3  |   U   |
[   23.318016] cloud-init[700]: ci-info: +-------+-------------+---------+-----------+-------+
[0;32m  OK  [0m] Reached target Network is Online.
         Starting Availability of block devices...
[[0;32m  OK  [0m] Reached target Remote File Systems (Pre).
[[0;32m  OK  [0m] Reached target Remote File Systems.
[[0;32m  OK  [0m] Reached target Cloud-config availability.
[[0;32m  OK  [0m] Reached target System Initialization.
[[0;32m  OK  [0m] Started ACPI Events Check.
[[0;32m  OK  [0m] Reached target Paths.
[[0;32m  OK  [0m] Listening on ACPID Listen Socket.
         Starting LXD - unix socket.
[[0;32m  OK  [0m] Started Daily Cleanup of Temporary Directories.
[[0;32m  OK  [0m] Started Message of the Day.
[[0;32m  OK  [0m] Listening on D-Bus System Message Bus Socket.
[[0;32m  OK  [0m] Listening on UUID daemon activation socket.
[[0;32m  OK  [0m] Started Discard unused blocks once a week.
[[0;32m  OK  [0m] Listening on Open-iSCSI iscsid Socket.
[[0;32m  OK  [0m] Started Daily apt download activities.
         Starting Socket activation for snappy daemon.
[[0;32m  OK  [0m] Started Daily apt upgrade and clean activities.
[[0;32m  OK  [0m] Reached target Timers.
[[0;32m  OK  [0m] Started Availability of block devices.
[[0;32m  OK  [0m] Listening on LXD - unix socket.
[[0;32m  OK  [0m] Listening on Socket activation for snappy daemon.
[[0;32m  OK  [0m] Reached target Sockets.
[[0;32m  OK  [0m] Reached target Basic System.
         Starting Login Service...
         Starting Dispatcher daemon for systemd-networkd...
         Starting LXD - container startup/shutdown...
[[0;32m  OK  [0m] Started D-Bus System Message Bus.
         Starting Snappy daemon...
         Starting LSB: Record successful boot for GRUB...
[[0;32m  OK  [0m] Started FUSE filesystem for LXC.
         Starting System Logging Service...
         Starting vboxadd.service...
[[0;32m  OK  [0m] Started Deferred execution scheduler.
         Starting Permit User Sessions...
         Starting Accounts Service...
         Starting Discard unused blocks...
[[0;32m  OK  [0m] Started Regular background program processing daemon.
[[0;32m  OK  [0m] Started irqbalance daemon.
         Starting LSB: automatic crash report generation...
         Starting OpenBSD Secure Shell server...
[[0;32m  OK  [0m] Started System Logging Service.
[[0;32m  OK  [0m] Started Dispatcher daemon for systemd-networkd.
[[0;32m  OK  [0m] Started Permit User Sessions.
[[0;32m  OK  [0m] Started Discard unused blocks.
[[0;32m  OK  [0m] Started Login Service.
         Starting Authorization Manager...
[[0;32m  OK  [0m] Started Unattended Upgrades Shutdown.
         Starting Hold until boot process finishes up...
         Starting Terminate Plymouth Boot Screen...
[[0;32m  OK  [0m] Started Hold until boot process finishes up.
         Starting Set console scheme...
[[0;32m  OK  [0m] Started Serial Getty on ttyS0.
[[0;32m  OK  [0m] Started LSB: automatic crash report generation.
[[0;32m  OK  [0m] Started Terminate Plymouth Boot Screen.
[[0;32m  OK  [0m] Started Set console scheme.
[[0;32m  OK  [0m] Created slice system-getty.slice.
[[0;32m  OK  [0m] Started Getty on tty1.
[[0;32m  OK  [0m] Reached target Login Prompts.
[[0;32m  OK  [0m] Started LSB: Record successful boot for GRUB.
[[0;32m  OK  [0m] Started Authorization Manager.
[[0;32m  OK  [0m] Started Accounts Service.
[[0;32m  OK  [0m] Started OpenBSD Secure Shell server.
[[0;32m  OK  [0m] Started LXD - container startup/shutdown.
[[0;32m  OK  [0m] Started vboxadd.service.
         Starting vboxadd-service.service...
[[0;32m  OK  [0m] Started Snappy daemon.
         Starting Wait until snapd is fully seeded...
[[0;32m  OK  [0m] Started vboxadd-service.service.
[[0;32m  OK  [0m] Started Wait until snapd is fully seeded.
         Starting Apply the settings specified in cloud-config...
[[0;32m  OK  [0m] Reached target Multi-User System.
[[0;32m  OK  [0m] Reached target Graphical Interface.
         Starting Update UTMP about System Runlevel Changes...
[[0;32m  OK  [0m] Started Update UTMP about System Runlevel Changes.
[[0;32m  OK  [0m] Created slice User Slice of vagrant.
         Starting User Manager for UID 1000...
[[0;32m  OK  [0m] Started Session 1 of user vagrant.
[[0;32m  OK  [0m] Started User Manager for UID 1000.
[   26.791312] cloud-init[1284]: Cloud-init v. 18.5-45-g3554ffe8-0ubuntu1~18.04.1 running 'modules:config' at Sat, 17 Aug 2019 04:45:08 +0000. Up 26.60 seconds.
[[0;32m  OK  [0m] Started Apply the settings specified in cloud-config.
         Starting Execute cloud user/final scripts...
[   27.565381] cloud-init[1389]: Cloud-init v. 18.5-45-g3554ffe8-0ubuntu1~18.04.1 running 'modules:final' at Sat, 17 Aug 2019 04:45:09 +0000. Up 27.43 seconds.
[   27.588233] cloud-init[1389]: Cloud-init v. 18.5-45-g3554ffe8-0ubuntu1~18.04.1 finished at Sat, 17 Aug 2019 04:45:09 +0000. Datasource DataSourceNoCloud [seed=/dev/sdb][dsmode=net].  Up 27.55 seconds
[[0;32m  OK  [0m] Started Execute cloud user/final scripts.
[[0;32m  OK  [0m] Reached target Cloud-init target.

Ubuntu 18.04.2 LTS ubuntu-bionic ttyS0

ubuntu-bionic login: 